c:\gisalgo\gmapv0\gmap-mdb-datasource\release\gmap-mdb-datasource.pch
c:\gisalgo\gmapv0\gmap-mdb-datasource\release\vc142.pdb
c:\gisalgo\gmapv0\gmap-mdb-datasource\release\pch.obj
c:\gisalgo\gmapv0\gmap-mdb-datasource\release\hilbertcurve.obj
c:\gisalgo\gmapv0\gmap-mdb-datasource\release\gvectordatasourcemdb.obj
c:\gisalgo\gmapv0\gmap-mdb-datasource\release\gvectordataquerymdb.obj
c:\gisalgo\gmapv0\gmap-mdb-datasource\release\gvectordatalayermdb.obj
c:\gisalgo\gmapv0\gmap-mdb-datasource\release\gvectordatainsertmdb.obj
c:\gisalgo\gmapv0\gmap-mdb-datasource\release\grtree.obj
c:\gisalgo\gmapv0\gmap-mdb-datasource\release\grtnode.obj
c:\gisalgo\gmapv0\gmap-mdb-datasource\release\grtleaf.obj
c:\gisalgo\gmapv0\gmap-mdb-datasource\release\grtindex.obj
c:\gisalgo\gmapv0\gmap-mdb-datasource\release\gqindex.obj
c:\gisalgo\gmapv0\gmap-mdb-datasource\release\dllmain.obj
c:\gisalgo\gmapv0\release\gmap-mdb-datasource.lib
c:\gisalgo\gmapv0\release\gmap-mdb-datasource.exp
c:\gisalgo\gmapv0\release\gmap-mdb-datasource.dll
c:\gisalgo\gmapv0\gmap-mdb-datasource\release\gmap-mdb-datasource.ipdb
c:\gisalgo\gmapv0\gmap-mdb-datasource\release\gmap-mdb-datasource.iobj
c:\gisalgo\gmapv0\release\gmap-mdb-datasource.pdb
c:\gisalgo\gmapv0\gmap-mdb-datasource\release\msado15.tli
c:\gisalgo\gmapv0\gmap-mdb-datasource\release\msado15.tlh
c:\gisalgo\gmapv0\gmap-mdb-datasource\release\gmap-mdb.ccff8f94.tlog\cl.command.1.tlog
c:\gisalgo\gmapv0\gmap-mdb-datasource\release\gmap-mdb.ccff8f94.tlog\cl.read.1.tlog
c:\gisalgo\gmapv0\gmap-mdb-datasource\release\gmap-mdb.ccff8f94.tlog\cl.write.1.tlog
c:\gisalgo\gmapv0\gmap-mdb-datasource\release\gmap-mdb.ccff8f94.tlog\gmap-mdb-datasource.write.1u.tlog
c:\gisalgo\gmapv0\gmap-mdb-datasource\release\gmap-mdb.ccff8f94.tlog\link.command.1.tlog
c:\gisalgo\gmapv0\gmap-mdb-datasource\release\gmap-mdb.ccff8f94.tlog\link.read.1.tlog
c:\gisalgo\gmapv0\gmap-mdb-datasource\release\gmap-mdb.ccff8f94.tlog\link.write.1.tlog
