c:\gisalgo\gmapv0\gmapapp\release\vc142.pdb
c:\gisalgo\gmapv0\gmapapp\release\gmapapp.pch
c:\gisalgo\gmapv0\gmapapp\release\stdafx.obj
c:\gisalgo\gmapv0\gmapapp\release\simplerenderstyleeditdlg.obj
c:\gisalgo\gmapv0\gmapapp\release\simplelinestyleeditdlg.obj
c:\gisalgo\gmapv0\gmapapp\release\propertieswnd.obj
c:\gisalgo\gmapv0\gmapapp\release\progressdlg.obj
c:\gisalgo\gmapv0\gmapapp\release\outputwnd.obj
c:\gisalgo\gmapv0\gmapapp\release\mainfrm.obj
c:\gisalgo\gmapv0\gmapapp\release\layermanagerdlg.obj
c:\gisalgo\gmapv0\gmapapp\release\imagemerkerstyleeditdlg.obj
c:\gisalgo\gmapv0\gmapapp\release\hatchstylecombobox.obj
c:\gisalgo\gmapv0\gmapapp\release\hatchfillstyleeditdlg.obj
c:\gisalgo\gmapv0\gmapapp\release\graphicslayerpropeditdlg.obj
c:\gisalgo\gmapv0\gmapapp\release\gmappanzoomtool.obj
c:\gisalgo\gmapv0\gmapapp\release\gmapappview.obj
c:\gisalgo\gmapv0\gmapapp\release\gmapappdoc.obj
c:\gisalgo\gmapv0\gmapapp\release\gmapapp.obj
c:\gisalgo\gmapv0\gmapapp\release\fileview.obj
c:\gisalgo\gmapv0\gmapapp\release\coordsysdlg.obj
c:\gisalgo\gmapv0\gmapapp\release\colorfillstyleeditdlg.obj
c:\gisalgo\gmapv0\gmapapp\release\classview.obj
c:\gisalgo\gmapv0\gmapapp\release\cvalueclassrenderdialog.obj
c:\gisalgo\gmapv0\gmapapp\release\vtdatasourcemdbdlg.obj
c:\gisalgo\gmapv0\gmapapp\release\viewtree.obj
c:\gisalgo\gmapv0\gmapapp\release\texturefillstyleeditdlg.obj
c:\gisalgo\gmapv0\gmapapp\release\stylemanagerdlg.obj
c:\gisalgo\gmapv0\gmapapp\release\gogrimporter.obj
c:\gisalgo\gmapv0\gmapapp\release\gmapdrawingimpl.obj
c:\gisalgo\gmapv0\release\gmapapp.lib
c:\gisalgo\gmapv0\release\gmapapp.exp
c:\gisalgo\gmapv0\release\gmapapp.exe
c:\gisalgo\gmapv0\gmapapp\release\gmapapp.ipdb
c:\gisalgo\gmapv0\gmapapp\release\gmapapp.iobj
c:\gisalgo\gmapv0\release\gmapapp.pdb
c:\gisalgo\gmapv0\gmapapp\release\gmapapp.res
c:\gisalgo\gmapv0\gmapapp\release\gmapapp.tlog\cl.command.1.tlog
c:\gisalgo\gmapv0\gmapapp\release\gmapapp.tlog\cl.read.1.tlog
c:\gisalgo\gmapv0\gmapapp\release\gmapapp.tlog\cl.write.1.tlog
c:\gisalgo\gmapv0\gmapapp\release\gmapapp.tlog\gmapapp.write.1u.tlog
c:\gisalgo\gmapv0\gmapapp\release\gmapapp.tlog\link.command.1.tlog
c:\gisalgo\gmapv0\gmapapp\release\gmapapp.tlog\link.read.1.tlog
c:\gisalgo\gmapv0\gmapapp\release\gmapapp.tlog\link.write.1.tlog
c:\gisalgo\gmapv0\gmapapp\release\gmapapp.tlog\rc.command.1.tlog
c:\gisalgo\gmapv0\gmapapp\release\gmapapp.tlog\rc.read.1.tlog
c:\gisalgo\gmapv0\gmapapp\release\gmapapp.tlog\rc.write.1.tlog
