c:\gisalgo\gmapv0\gmapapp\debug\gmapapp.pch
c:\gisalgo\gmapv0\gmapapp\debug\vc142.pdb
c:\gisalgo\gmapv0\gmapapp\debug\vc142.idb
c:\gisalgo\gmapv0\gmapapp\debug\stdafx.obj
c:\gisalgo\gmapv0\gmapapp\debug\propertieswnd.obj
c:\gisalgo\gmapv0\gmapapp\debug\progressdlg.obj
c:\gisalgo\gmapv0\gmapapp\debug\outputwnd.obj
c:\gisalgo\gmapv0\gmapapp\debug\mainfrm.obj
c:\gisalgo\gmapv0\gmapapp\debug\layermanagerdlg.obj
c:\gisalgo\gmapv0\gmapapp\debug\imagemerkerstyleeditdlg.obj
c:\gisalgo\gmapv0\gmapapp\debug\hatchstylecombobox.obj
c:\gisalgo\gmapv0\gmapapp\debug\hatchfillstyleeditdlg.obj
c:\gisalgo\gmapv0\gmapapp\debug\graphicslayerpropeditdlg.obj
c:\gisalgo\gmapv0\gmapapp\debug\gmappanzoomtool.obj
c:\gisalgo\gmapv0\gmapapp\debug\gmapappview.obj
c:\gisalgo\gmapv0\gmapapp\debug\gmapappdoc.obj
c:\gisalgo\gmapv0\gmapapp\debug\gmapapp.obj
c:\gisalgo\gmapv0\gmapapp\debug\fileview.obj
c:\gisalgo\gmapv0\gmapapp\debug\vtdatasourcemdbdlg.obj
c:\gisalgo\gmapv0\gmapapp\debug\gogrimporter.obj
c:\gisalgo\gmapv0\gmapapp\debug\cvalueclassrenderdialog.obj
c:\gisalgo\gmapv0\gmapapp\debug\coordsysdlg.obj
c:\gisalgo\gmapv0\gmapapp\debug\colorfillstyleeditdlg.obj
c:\gisalgo\gmapv0\gmapapp\debug\classview.obj
c:\gisalgo\gmapv0\gmapapp\debug\viewtree.obj
c:\gisalgo\gmapv0\gmapapp\debug\texturefillstyleeditdlg.obj
c:\gisalgo\gmapv0\gmapapp\debug\stylemanagerdlg.obj
c:\gisalgo\gmapv0\gmapapp\debug\simplerenderstyleeditdlg.obj
c:\gisalgo\gmapv0\gmapapp\debug\simplelinestyleeditdlg.obj
c:\gisalgo\gmapv0\gmapapp\debug\gmapdrawingimpl.obj
c:\gisalgo\gmapv0\debug\gmapapp.lib
c:\gisalgo\gmapv0\debug\gmapapp.exp
c:\gisalgo\gmapv0\debug\gmapapp.exe
c:\gisalgo\gmapv0\debug\gmapapp.ilk
c:\gisalgo\gmapv0\debug\gmapapp.pdb
c:\gisalgo\gmapv0\gmapapp\debug\gmapapp.res
c:\gisalgo\gmapv0\gmapapp\debug\gmapapp.tlog\cl.command.1.tlog
c:\gisalgo\gmapv0\gmapapp\debug\gmapapp.tlog\cl.read.1.tlog
c:\gisalgo\gmapv0\gmapapp\debug\gmapapp.tlog\cl.write.1.tlog
c:\gisalgo\gmapv0\gmapapp\debug\gmapapp.tlog\gmapapp.write.1u.tlog
c:\gisalgo\gmapv0\gmapapp\debug\gmapapp.tlog\link.command.1.tlog
c:\gisalgo\gmapv0\gmapapp\debug\gmapapp.tlog\link.read.1.tlog
c:\gisalgo\gmapv0\gmapapp\debug\gmapapp.tlog\link.write.1.tlog
c:\gisalgo\gmapv0\gmapapp\debug\gmapapp.tlog\rc.command.1.tlog
c:\gisalgo\gmapv0\gmapapp\debug\gmapapp.tlog\rc.read.1.tlog
c:\gisalgo\gmapv0\gmapapp\debug\gmapapp.tlog\rc.write.1.tlog
