c:\gisalgo\gmapv0\gmap-core\release\vc142.pdb
c:\gisalgo\gmapv0\gmap-core\release\gmapeditobject.obj
c:\gisalgo\gmapv0\gmap-core\release\gmap.obj
c:\gisalgo\gmapv0\gmap-core\release\glinestyle.obj
c:\gisalgo\gmapv0\gmap-core\release\glinestringeditobject.obj
c:\gisalgo\gmapv0\gmap-core\release\glinestring.obj
c:\gisalgo\gmapv0\gmap-core\release\glinestringelement.obj
c:\gisalgo\gmapv0\gmap-core\release\glinearring.obj
c:\gisalgo\gmapv0\gmap-core\release\gimagesource.obj
c:\gisalgo\gmapv0\gmap-core\release\gimagemarkerstyle.obj
c:\gisalgo\gmapv0\gmap-core\release\gimagemaplayer.obj
c:\gisalgo\gmapv0\gmap-core\release\ghatchfillstyle.obj
c:\gisalgo\gmapv0\gmap-core\release\ggraphicslayer.obj
c:\gisalgo\gmapv0\gmap-core\release\ggraphicselement.obj
c:\gisalgo\gmapv0\gmap-core\release\ggeometry.obj
c:\gisalgo\gmapv0\gmap-core\release\gfillstyle.obj
c:\gisalgo\gmapv0\gmap-core\release\gfieldvalue.obj
c:\gisalgo\gmapv0\gmap-core\release\gfielddef.obj
c:\gisalgo\gmapv0\gmap-core\release\gcoordinatesystem.obj
c:\gisalgo\gmapv0\gmap-core\release\gcolorfillstyle.obj
c:\gisalgo\gmapv0\gmap-core\release\fileutil.obj
c:\gisalgo\gmapv0\gmap-core\release\gvectordatacommand.obj
c:\gisalgo\gmapv0\gmap-core\release\gvalueclassrender.obj
c:\gisalgo\gmapv0\gmap-core\release\gtexturefillstyle.obj
c:\gisalgo\gmapv0\gmap-core\release\gstylegroup.obj
c:\gisalgo\gmapv0\gmap-core\release\gstyle.obj
c:\gisalgo\gmapv0\gmap-core\release\gsimplevectorfeaturerender.obj
c:\gisalgo\gmapv0\gmap-core\release\gsimplelinestyle.obj
c:\gisalgo\gmapv0\gmap-core\release\gsimpleedittool.obj
c:\gisalgo\gmapv0\gmap-core\release\gsimpleaddelementtool.obj
c:\gisalgo\gmapv0\gmap-core\release\grasterlayer.obj
c:\gisalgo\gmapv0\gmap-core\release\grastercolorconvert.obj
c:\gisalgo\gmapv0\gmap-core\release\gpolygonelement.obj
c:\gisalgo\gmapv0\gmap-core\release\gpolygoneditobject.obj
c:\gisalgo\gmapv0\gmap-core\release\gpolygon.obj
c:\gisalgo\gmapv0\gmap-core\release\gpointelement.obj
c:\gisalgo\gmapv0\gmap-core\release\gpointeditobject.obj
c:\gisalgo\gmapv0\gmap-core\release\gpoint.obj
c:\gisalgo\gmapv0\gmap-core\release\gmultigeometry.obj
c:\gisalgo\gmapv0\gmap-core\release\gmarkerstyle.obj
c:\gisalgo\gmapv0\gmap-core\release\gmaplayer.obj
c:\gisalgo\gmapv0\gmap-core\release\gvectormaplayer.obj
c:\gisalgo\gmapv0\gmap-core\release\gvectordatasource.obj
c:\gisalgo\gmapv0\gmap-core\release\gvectordatalayerdef.obj
c:\gisalgo\gmapv0\gmap-core\release\gvectordatalayer.obj
c:\gisalgo\gmapv0\release\gmap-core.lib
c:\gisalgo\gmapv0\release\gmap-core.exp
c:\gisalgo\gmapv0\release\gmap-core.dll
c:\gisalgo\gmapv0\gmap-core\release\gmap-core.ipdb
c:\gisalgo\gmapv0\gmap-core\release\gmap-core.iobj
c:\gisalgo\gmapv0\release\gmap-core.pdb
c:\gisalgo\gmapv0\gmap-core\release\gmap-core.tlog\cl.command.1.tlog
c:\gisalgo\gmapv0\gmap-core\release\gmap-core.tlog\cl.read.1.tlog
c:\gisalgo\gmapv0\gmap-core\release\gmap-core.tlog\cl.write.1.tlog
c:\gisalgo\gmapv0\gmap-core\release\gmap-core.tlog\gmap-core.write.1u.tlog
c:\gisalgo\gmapv0\gmap-core\release\gmap-core.tlog\link.command.1.tlog
c:\gisalgo\gmapv0\gmap-core\release\gmap-core.tlog\link.read.1.tlog
c:\gisalgo\gmapv0\gmap-core\release\gmap-core.tlog\link.write.1.tlog
