c:\gisalgo\gmapv0\gmap-core\debug\vc142.pdb
c:\gisalgo\gmapv0\gmap-core\debug\vc142.idb
c:\gisalgo\gmapv0\gmap-core\debug\gmapeditobject.obj
c:\gisalgo\gmapv0\gmap-core\debug\gmap.obj
c:\gisalgo\gmapv0\gmap-core\debug\glinestyle.obj
c:\gisalgo\gmapv0\gmap-core\debug\glinestringeditobject.obj
c:\gisalgo\gmapv0\gmap-core\debug\glinestring.obj
c:\gisalgo\gmapv0\gmap-core\debug\glinestringelement.obj
c:\gisalgo\gmapv0\gmap-core\debug\glinearring.obj
c:\gisalgo\gmapv0\gmap-core\debug\gimagesource.obj
c:\gisalgo\gmapv0\gmap-core\debug\gimagemarkerstyle.obj
c:\gisalgo\gmapv0\gmap-core\debug\gimagemaplayer.obj
c:\gisalgo\gmapv0\gmap-core\debug\ghatchfillstyle.obj
c:\gisalgo\gmapv0\gmap-core\debug\ggraphicslayer.obj
c:\gisalgo\gmapv0\gmap-core\debug\ggraphicselement.obj
c:\gisalgo\gmapv0\gmap-core\debug\ggeometry.obj
c:\gisalgo\gmapv0\gmap-core\debug\gfillstyle.obj
c:\gisalgo\gmapv0\gmap-core\debug\gfieldvalue.obj
c:\gisalgo\gmapv0\gmap-core\debug\gfielddef.obj
c:\gisalgo\gmapv0\gmap-core\debug\gcoordinatesystem.obj
c:\gisalgo\gmapv0\gmap-core\debug\gcolorfillstyle.obj
c:\gisalgo\gmapv0\gmap-core\debug\fileutil.obj
c:\gisalgo\gmapv0\gmap-core\debug\gvectordatacommand.obj
c:\gisalgo\gmapv0\gmap-core\debug\gvalueclassrender.obj
c:\gisalgo\gmapv0\gmap-core\debug\gtexturefillstyle.obj
c:\gisalgo\gmapv0\gmap-core\debug\gstylegroup.obj
c:\gisalgo\gmapv0\gmap-core\debug\gstyle.obj
c:\gisalgo\gmapv0\gmap-core\debug\gsimplevectorfeaturerender.obj
c:\gisalgo\gmapv0\gmap-core\debug\gsimplelinestyle.obj
c:\gisalgo\gmapv0\gmap-core\debug\gsimpleedittool.obj
c:\gisalgo\gmapv0\gmap-core\debug\gsimpleaddelementtool.obj
c:\gisalgo\gmapv0\gmap-core\debug\grasterlayer.obj
c:\gisalgo\gmapv0\gmap-core\debug\grastercolorconvert.obj
c:\gisalgo\gmapv0\gmap-core\debug\gpolygonelement.obj
c:\gisalgo\gmapv0\gmap-core\debug\gpolygoneditobject.obj
c:\gisalgo\gmapv0\gmap-core\debug\gpolygon.obj
c:\gisalgo\gmapv0\gmap-core\debug\gpointelement.obj
c:\gisalgo\gmapv0\gmap-core\debug\gpointeditobject.obj
c:\gisalgo\gmapv0\gmap-core\debug\gpoint.obj
c:\gisalgo\gmapv0\gmap-core\debug\gmultigeometry.obj
c:\gisalgo\gmapv0\gmap-core\debug\gmarkerstyle.obj
c:\gisalgo\gmapv0\gmap-core\debug\gmaplayer.obj
c:\gisalgo\gmapv0\gmap-core\debug\gvectormaplayer.obj
c:\gisalgo\gmapv0\gmap-core\debug\gvectordatasource.obj
c:\gisalgo\gmapv0\gmap-core\debug\gvectordatalayerdef.obj
c:\gisalgo\gmapv0\gmap-core\debug\gvectordatalayer.obj
c:\gisalgo\gmapv0\debug\gmap-core.lib
c:\gisalgo\gmapv0\debug\gmap-core.exp
c:\gisalgo\gmapv0\debug\gmap-core.dll
c:\gisalgo\gmapv0\debug\gmap-core.ilk
c:\gisalgo\gmapv0\debug\gmap-core.pdb
c:\gisalgo\gmapv0\gmap-core\debug\gvectormaplayer.obj.enc
c:\gisalgo\gmapv0\gmap-core\debug\gmap-core.tlog\cl.command.1.tlog
c:\gisalgo\gmapv0\gmap-core\debug\gmap-core.tlog\cl.read.1.tlog
c:\gisalgo\gmapv0\gmap-core\debug\gmap-core.tlog\cl.write.1.tlog
c:\gisalgo\gmapv0\gmap-core\debug\gmap-core.tlog\gmap-core.write.1u.tlog
c:\gisalgo\gmapv0\gmap-core\debug\gmap-core.tlog\link.command.1.tlog
c:\gisalgo\gmapv0\gmap-core\debug\gmap-core.tlog\link.read.1.tlog
c:\gisalgo\gmapv0\gmap-core\debug\gmap-core.tlog\link.write.1.tlog
