c:\gisalgo\gmapv0\gmap-mdb-datasource\debug\gmap-mdb-datasource.pch
c:\gisalgo\gmapv0\gmap-mdb-datasource\debug\vc142.pdb
c:\gisalgo\gmapv0\gmap-mdb-datasource\debug\vc142.idb
c:\gisalgo\gmapv0\gmap-mdb-datasource\debug\pch.obj
c:\gisalgo\gmapv0\gmap-mdb-datasource\debug\hilbertcurve.obj
c:\gisalgo\gmapv0\gmap-mdb-datasource\debug\gvectordatasourcemdb.obj
c:\gisalgo\gmapv0\gmap-mdb-datasource\debug\gvectordataquerymdb.obj
c:\gisalgo\gmapv0\gmap-mdb-datasource\debug\gvectordatalayermdb.obj
c:\gisalgo\gmapv0\gmap-mdb-datasource\debug\gvectordatainsertmdb.obj
c:\gisalgo\gmapv0\gmap-mdb-datasource\debug\grtree.obj
c:\gisalgo\gmapv0\gmap-mdb-datasource\debug\grtnode.obj
c:\gisalgo\gmapv0\gmap-mdb-datasource\debug\grtleaf.obj
c:\gisalgo\gmapv0\gmap-mdb-datasource\debug\grtindex.obj
c:\gisalgo\gmapv0\gmap-mdb-datasource\debug\gqindex.obj
c:\gisalgo\gmapv0\gmap-mdb-datasource\debug\dllmain.obj
c:\gisalgo\gmapv0\debug\gmap-mdb-datasource.lib
c:\gisalgo\gmapv0\debug\gmap-mdb-datasource.exp
c:\gisalgo\gmapv0\debug\gmap-mdb-datasource.dll
c:\gisalgo\gmapv0\debug\gmap-mdb-datasource.ilk
c:\gisalgo\gmapv0\debug\gmap-mdb-datasource.pdb
c:\gisalgo\gmapv0\gmap-mdb-datasource\debug\msado15.tli
c:\gisalgo\gmapv0\gmap-mdb-datasource\debug\msado15.tlh
c:\gisalgo\gmapv0\gmap-mdb-datasource\debug\gmap-mdb.ccff8f94.tlog\cl.command.1.tlog
c:\gisalgo\gmapv0\gmap-mdb-datasource\debug\gmap-mdb.ccff8f94.tlog\cl.read.1.tlog
c:\gisalgo\gmapv0\gmap-mdb-datasource\debug\gmap-mdb.ccff8f94.tlog\cl.write.1.tlog
c:\gisalgo\gmapv0\gmap-mdb-datasource\debug\gmap-mdb.ccff8f94.tlog\gmap-mdb-datasource.write.1u.tlog
c:\gisalgo\gmapv0\gmap-mdb-datasource\debug\gmap-mdb.ccff8f94.tlog\link.command.1.tlog
c:\gisalgo\gmapv0\gmap-mdb-datasource\debug\gmap-mdb.ccff8f94.tlog\link.read.1.tlog
c:\gisalgo\gmapv0\gmap-mdb-datasource\debug\gmap-mdb.ccff8f94.tlog\link.write.1.tlog
